<?xml version="1.0" encoding="utf-8"?>
<coverage line-rate="0.7087" branch-rate="0.44439999999999996" version="1.9" timestamp="1786594694" lines-covered="696" lines-valid="982" branches-covered="56" branches-valid="126">
  <sources>
    <source>C:\Users\shubh\OneDrive\Desktop\thinkschool\day4\QuotesApi\</source>
  </sources>
  <packages>
    <package name="QuotesApi" line-rate="0.7087" branch-rate="0.44439999999999996" complexity="186">
      <classes>
        <class name="Program/&lt;&lt;Main&gt;$&gt;d__0" filename="Program.cs" line-rate="0.8387" branch-rate="0.4545" complexity="22">
          <methods>
            <method name="MoveNext" signature="()" line-rate="0.8387" branch-rate="0.4545" complexity="22">
              <lines>
                <line number="16" hits="14" branch="False" />
                <line number="21" hits="14" branch="True" condition-coverage="50% (1/2)">
                  <conditions>
                    <condition number="69" type="jump" coverage="50%" />
                  </conditions>
                </line>
                <line number="22" hits="14" branch="False" />
                <line number="24" hits="14" branch="False" />
                <line number="26" hits="0" branch="False" />
                <line number="27" hits="0" branch="False" />
                <line number="28" hits="0" branch="False" />
                <line number="29" hits="0" branch="False" />
                <line number="31" hits="14" branch="False" />
                <line number="32" hits="14" branch="False" />
                <line number="33" hits="14" branch="False" />
                <line number="36" hits="14" branch="True" condition-coverage="50% (1/2)">
                  <conditions>
                    <condition number="206" type="jump" coverage="50%" />
                  </conditions>
                </line>
                <line number="37" hits="14" branch="False" />
                <line number="38" hits="14" branch="False" />
                <line number="40" hits="14" branch="True" condition-coverage="50% (1/2)">
                  <conditions>
                    <condition number="253" type="jump" coverage="50%" />
                  </conditions>
                </line>
                <line number="41" hits="14" branch="False" />
                <line number="42" hits="14" branch="False" />
                <line number="44" hits="14" branch="True" condition-coverage="50% (1/2)">
                  <conditions>
                    <condition number="300" type="jump" coverage="50%" />
                  </conditions>
                </line>
                <line number="45" hits="14" branch="False" />
                <line number="46" hits="14" branch="False" />
                <line number="48" hits="14" branch="True" condition-coverage="50% (1/2)">
                  <conditions>
                    <condition number="342" type="jump" coverage="50%" />
                  </conditions>
                </line>
                <line number="49" hits="14" branch="False" />
                <line number="50" hits="14" branch="False" />
                <line number="52" hits="14" branch="True" condition-coverage="50% (1/2)">
                  <conditions>
                    <condition number="389" type="jump" coverage="50%" />
                  </conditions>
                </line>
                <line number="53" hits="14" branch="False" />
                <line number="54" hits="14" branch="False" />
                <line number="56" hits="14" branch="False" />
                <line number="57" hits="14" branch="False" />
                <line number="60" hits="14" branch="False" />
                <line number="61" hits="14" branch="False" />
                <line number="62" hits="14" branch="False" />
                <line number="63" hits="14" branch="False" />
                <line number="64" hits="14" branch="False" />
                <line number="65" hits="14" branch="False" />
                <line number="66" hits="14" branch="False" />
                <line number="67" hits="14" branch="False" />
                <line number="68" hits="14" branch="False" />
                <line number="69" hits="14" branch="False" />
                <line number="70" hits="14" branch="False" />
                <line number="71" hits="14" branch="False" />
                <line number="72" hits="29" branch="False" />
                <line number="73" hits="29" branch="False" />
                <line number="74" hits="29" branch="False" />
                <line number="75" hits="14" branch="False" />
                <line number="76" hits="29" branch="True" condition-coverage="100% (2/2)">
                  <conditions>
                    <condition number="49" type="jump" coverage="100%" />
                  </conditions>
                </line>
                <line number="77" hits="29" branch="False" />
                <line number="78" hits="29" branch="False" />
                <line number="79" hits="18" branch="False" />
                <line number="80" hits="18" branch="False" />
                <line number="81" hits="14" branch="False" />
                <line number="82" hits="14" branch="False" />
                <line number="83" hits="11" branch="False" />
                <line number="84" hits="11" branch="False" />
                <line number="85" hits="14" branch="False" />
                <line number="86" hits="14" branch="False" />
                <line number="87" hits="11" branch="False" />
                <line number="88" hits="11" branch="False" />
                <line number="89" hits="11" branch="False" />
                <line number="90" hits="11" branch="False" />
                <line number="91" hits="14" branch="False" />
                <line number="92" hits="11" branch="True" condition-coverage="50% (1/2)">
                  <conditions>
                    <condition number="115" type="jump" coverage="50%" />
                  </conditions>
                </line>
                <line number="93" hits="11" branch="False" />
                <line number="94" hits="11" branch="False" />
                <line number="95" hits="11" branch="False" />
                <line number="96" hits="11" branch="False" />
                <line number="97" hits="14" branch="False" />
                <line number="98" hits="0" branch="False" />
                <line number="99" hits="0" branch="False" />
                <line number="100" hits="0" branch="False" />
                <line number="101" hits="14" branch="False" />
                <line number="102" hits="43" branch="False" />
                <line number="103" hits="14" branch="False" />
                <line number="104" hits="14" branch="False" />
                <line number="105" hits="14" branch="False" />
                <line number="106" hits="14" branch="False" />
                <line number="107" hits="14" branch="False" />
                <line number="108" hits="14" branch="False" />
                <line number="109" hits="14" branch="False" />
                <line number="110" hits="14" branch="False" />
                <line number="111" hits="14" branch="False" />
                <line number="112" hits="14" branch="False" />
                <line number="113" hits="14" branch="False" />
                <line number="114" hits="14" branch="False" />
                <line number="115" hits="14" branch="False" />
                <line number="116" hits="14" branch="False" />
                <line number="117" hits="14" branch="False" />
                <line number="118" hits="14" branch="False" />
                <line number="119" hits="14" branch="False" />
                <line number="120" hits="14" branch="False" />
                <line number="121" hits="14" branch="False" />
                <line number="122" hits="14" branch="False" />
                <line number="123" hits="14" branch="False" />
                <line number="124" hits="14" branch="False" />
                <line number="125" hits="14" branch="False" />
                <line number="126" hits="14" branch="False" />
                <line number="127" hits="14" branch="False" />
                <line number="128" hits="14" branch="False" />
                <line number="129" hits="14" branch="False" />
                <line number="130" hits="14" branch="False" />
                <line number="131" hits="0" branch="False" />
                <line number="132" hits="0" branch="False" />
                <line number="133" hits="0" branch="False" />
                <line number="134" hits="14" branch="False" />
                <line number="135" hits="0" branch="False" />
                <line number="136" hits="0" branch="False" />
                <line number="137" hits="0" branch="False" />
                <line number="138" hits="0" branch="False" />
                <line number="139" hits="0" branch="False" />
                <line number="140" hits="0" branch="False" />
                <line number="141" hits="0" branch="False" />
                <line number="142" hits="0" branch="False" />
                <line number="143" hits="0" branch="False" />
                <line number="144" hits="0" branch="False" />
                <line number="145" hits="0" branch="False" />
                <line number="146" hits="0" branch="False" />
                <line number="147" hits="14" branch="False" />
                <line number="150" hits="14" branch="False" />
                <line number="151" hits="14" branch="False" />
                <line number="152" hits="14" branch="False" />
                <line number="153" hits="14" branch="False" />
                <line number="154" hits="14" branch="False" />
                <line number="155" hits="28" branch="False" />
                <line number="156" hits="28" branch="False" />
                <line number="157" hits="28" branch="False" />
                <line number="158" hits="14" branch="False" />
                <line number="159" hits="14" branch="False" />
                <line number="160" hits="14" branch="False" />
                <line number="161" hits="14" branch="False" />
                <line number="162" hits="28" branch="False" />
                <line number="163" hits="28" branch="False" />
                <line number="164" hits="28" branch="False" />
                <line number="166" hits="14" branch="False" />
                <line number="168" hits="14" branch="False" />
                <line number="170" hits="14" branch="False" />
                <line number="172" hits="14" branch="False" />
                <line number="173" hits="14" branch="False" />
                <line number="177" hits="14" branch="False" />
                <line number="178" hits="14" branch="False" />
                <line number="179" hits="14" branch="False" />
                <line number="180" hits="14" branch="False" />
                <line number="181" hits="14" branch="False" />
                <line number="182" hits="14" branch="False" />
                <line number="183" hits="14" branch="False" />
                <line number="184" hits="1" branch="False" />
                <line number="185" hits="1" branch="False" />
                <line number="186" hits="1" branch="False" />
                <line number="187" hits="14" branch="False" />
                <line number="188" hits="1" branch="False" />
                <line number="189" hits="1" branch="False" />
                <line number="190" hits="1" branch="False" />
                <line number="191" hits="1" branch="False" />
                <line number="192" hits="14" branch="False" />
                <line number="193" hits="1" branch="False" />
                <line number="194" hits="15" branch="False" />
                <line number="198" hits="14" branch="False" />
                <line number="199" hits="14" branch="False" />
                <line number="200" hits="14" branch="False" />
                <line number="201" hits="14" branch="False" />
                <line number="202" hits="14" branch="False" />
                <line number="203" hits="14" branch="False" />
                <line number="204" hits="1" branch="False" />
                <line number="205" hits="1" branch="False" />
                <line number="206" hits="1" branch="False" />
                <line number="207" hits="1" branch="False" />
                <line number="208" hits="14" branch="False" />
                <line number="209" hits="1" branch="False" />
                <line number="210" hits="1" branch="False" />
                <line number="211" hits="1" branch="False" />
                <line number="212" hits="15" branch="False" />
                <line number="216" hits="14" branch="False" />
                <line number="217" hits="14" branch="False" />
                <line number="218" hits="14" branch="False" />
                <line number="219" hits="14" branch="False" />
                <line number="220" hits="14" branch="False" />
                <line number="221" hits="14" branch="False" />
                <line number="222" hits="1" branch="False" />
                <line number="223" hits="1" branch="False" />
                <line number="224" hits="1" branch="False" />
                <line number="225" hits="1" branch="False" />
                <line number="226" hits="14" branch="False" />
                <line number="227" hits="1" branch="False" />
                <line number="228" hits="1" branch="False" />
                <line number="229" hits="1" branch="False" />
                <line number="230" hits="1" branch="False" />
                <line number="231" hits="14" branch="False" />
                <line number="235" hits="14" branch="False" />
                <line number="236" hits="14" branch="False" />
                <line number="237" hits="14" branch="False" />
                <line number="238" hits="14" branch="False" />
                <line number="239" hits="14" branch="False" />
                <line number="240" hits="14" branch="False" />
                <line number="241" hits="0" branch="False" />
                <line number="242" hits="0" branch="False" />
                <line number="243" hits="0" branch="False" />
                <line number="244" hits="0" branch="False" />
                <line number="245" hits="14" branch="False" />
                <line number="246" hits="0" branch="False" />
                <line number="247" hits="0" branch="False" />
                <line number="248" hits="0" branch="False" />
                <line number="249" hits="14" branch="False" />
                <line number="253" hits="14" branch="False" />
                <line number="254" hits="14" branch="False" />
                <line number="255" hits="14" branch="False" />
                <line number="256" hits="14" branch="False" />
                <line number="257" hits="14" branch="False" />
                <line number="258" hits="14" branch="False" />
                <line number="259" hits="14" branch="False" />
                <line number="260" hits="9" branch="False" />
                <line number="261" hits="9" branch="False" />
                <line number="262" hits="9" branch="False" />
                <line number="263" hits="9" branch="False" />
                <line number="264" hits="9" branch="False" />
                <line number="265" hits="14" branch="False" />
                <line number="266" hits="9" branch="False" />
                <line number="267" hits="9" branch="False" />
                <line number="268" hits="9" branch="False" />
                <line number="269" hits="9" branch="False" />
                <line number="270" hits="1" branch="False" />
                <line number="271" hits="1" branch="False" />
                <line number="272" hits="14" branch="False" />
                <line number="273" hits="14" branch="False" />
                <line number="274" hits="8" branch="False" />
                <line number="275" hits="8" branch="False" />
                <line number="276" hits="8" branch="False" />
                <line number="277" hits="8" branch="False" />
                <line number="278" hits="14" branch="False" />
                <line number="279" hits="8" branch="False" />
                <line number="280" hits="8" branch="False" />
                <line number="281" hits="8" branch="False" />
                <line number="282" hits="8" branch="False" />
                <line number="283" hits="14" branch="False" />
                <line number="284" hits="8" branch="False" />
                <line number="285" hits="8" branch="False" />
                <line number="286" hits="8" branch="False" />
                <line number="287" hits="8" branch="False" />
                <line number="288" hits="14" branch="False" />
                <line number="289" hits="8" branch="False" />
                <line number="290" hits="8" branch="False" />
                <line number="291" hits="8" branch="False" />
                <line number="292" hits="14" branch="False" />
                <line number="293" hits="8" branch="False" />
                <line number="294" hits="8" branch="False" />
                <line number="295" hits="8" branch="False" />
                <line number="296" hits="14" branch="False" />
                <line number="297" hits="8" branch="False" />
                <line number="298" hits="8" branch="False" />
                <line number="299" hits="8" branch="False" />
                <line number="300" hits="8" branch="False" />
                <line number="301" hits="8" branch="False" />
                <line number="302" hits="8" branch="False" />
                <line number="303" hits="8" branch="False" />
                <line number="304" hits="8" branch="False" />
                <line number="305" hits="8" branch="False" />
                <line number="306" hits="8" branch="False" />
                <line number="307" hits="8" branch="False" />
                <line number="308" hits="8" branch="False" />
                <line number="309" hits="8" branch="False" />
                <line number="310" hits="8" branch="False" />
                <line number="311" hits="14" branch="False" />
                <line number="312" hits="8" branch="False" />
                <line number="313" hits="8" branch="False" />
                <line number="314" hits="8" branch="False" />
                <line number="315" hits="8" branch="False" />
                <line number="316" hits="8" branch="False" />
                <line number="317" hits="14" branch="False" />
                <line number="318" hits="8" branch="False" />
                <line number="319" hits="8" branch="False" />
                <line number="320" hits="8" branch="False" />
                <line number="321" hits="8" branch="False" />
                <line number="322" hits="8" branch="False" />
                <line number="323" hits="8" branch="False" />
                <line number="324" hits="8" branch="False" />
                <line number="325" hits="14" branch="False" />
                <line number="326" hits="8" branch="False" />
                <line number="327" hits="8" branch="False" />
                <line number="328" hits="8" branch="False" />
                <line number="329" hits="14" branch="False" />
                <line number="330" hits="8" branch="False" />
                <line number="331" hits="8" branch="False" />
                <line number="332" hits="8" branch="False" />
                <line number="333" hits="14" branch="False" />
                <line number="334" hits="8" branch="False" />
                <line number="335" hits="8" branch="False" />
                <line number="336" hits="8" branch="False" />
                <line number="337" hits="8" branch="False" />
                <line number="338" hits="8" branch="False" />
                <line number="339" hits="14" branch="False" />
                <line number="340" hits="8" branch="False" />
                <line number="341" hits="8" branch="False" />
                <line number="342" hits="8" branch="False" />
                <line number="343" hits="8" branch="False" />
                <line number="344" hits="8" branch="False" />
                <line number="345" hits="8" branch="False" />
                <line number="346" hits="8" branch="False" />
                <line number="347" hits="8" branch="False" />
                <line number="348" hits="14" branch="False" />
                <line number="349" hits="8" branch="False" />
                <line number="350" hits="8" branch="False" />
                <line number="351" hits="14" branch="False" />
                <line number="352" hits="8" branch="False" />
                <line number="353" hits="8" branch="False" />
                <line number="354" hits="14" branch="False" />
                <line number="355" hits="8" branch="False" />
                <line number="356" hits="8" branch="False" />
                <line number="357" hits="8" branch="False" />
                <line number="358" hits="8" branch="False" />
                <line number="359" hits="8" branch="False" />
                <line number="360" hits="8" branch="False" />
                <line number="361" hits="8" branch="False" />
                <line number="362" hits="8" branch="False" />
                <line number="363" hits="8" branch="False" />
                <line number="364" hits="8" branch="False" />
                <line number="365" hits="23" branch="False" />
                <line number="369" hits="14" branch="False" />
                <line number="370" hits="14" branch="False" />
                <line number="371" hits="14" branch="False" />
                <line number="372" hits="14" branch="False" />
                <line number="373" hits="14" branch="False" />
                <line number="374" hits="14" branch="False" />
                <line number="375" hits="0" branch="False" />
                <line number="376" hits="0" branch="False" />
                <line number="377" hits="0" branch="False" />
                <line number="378" hits="0" branch="False" />
                <line number="379" hits="0" branch="False" />
                <line number="380" hits="0" branch="False" />
                <line number="381" hits="14" branch="False" />
                <line number="382" hits="0" branch="False" />
                <line number="383" hits="0" branch="False" />
                <line number="384" hits="0" branch="False" />
                <line number="385" hits="0" branch="False" />
                <line number="386" hits="0" branch="False" />
                <line number="387" hits="14" branch="False" />
                <line number="388" hits="0" branch="False" />
                <line number="389" hits="0" branch="False" />
                <line number="390" hits="14" branch="False" />
                <line number="391" hits="0" branch="False" />
                <line number="392" hits="0" branch="False" />
                <line number="393" hits="0" branch="False" />
                <line number="394" hits="0" branch="False" />
                <line number="395" hits="14" branch="False" />
                <line number="396" hits="0" branch="False" />
                <line number="397" hits="0" branch="False" />
                <line number="398" hits="0" branch="False" />
                <line number="399" hits="14" branch="False" />
                <line number="400" hits="0" branch="False" />
                <line number="401" hits="14" branch="False" />
                <line number="405" hits="14" branch="False" />
                <line number="406" hits="14" branch="False" />
                <line number="407" hits="14" branch="False" />
                <line number="408" hits="14" branch="False" />
                <line number="409" hits="14" branch="False" />
                <line number="410" hits="14" branch="False" />
                <line number="411" hits="14" branch="False" />
                <line number="412" hits="14" branch="False" />
                <line number="413" hits="14" branch="False" />
                <line number="414" hits="3" branch="False" />
                <line number="415" hits="3" branch="False" />
                <line number="416" hits="3" branch="False" />
                <line number="417" hits="3" branch="False" />
                <line number="418" hits="3" branch="False" />
                <line number="419" hits="3" branch="False" />
                <line number="420" hits="14" branch="False" />
                <line number="421" hits="3" branch="False" />
                <line number="422" hits="3" branch="False" />
                <line number="423" hits="3" branch="False" />
                <line number="424" hits="3" branch="False" />
                <line number="425" hits="3" branch="False" />
                <line number="426" hits="3" branch="False" />
                <line number="427" hits="14" branch="False" />
                <line number="428" hits="3" branch="False" />
                <line number="429" hits="1" branch="False" />
                <line number="430" hits="14" branch="False" />
                <line number="431" hits="2" branch="False" />
                <line number="432" hits="1" branch="False" />
                <line number="433" hits="1" branch="False" />
                <line number="434" hits="1" branch="False" />
                <line number="435" hits="1" branch="False" />
                <line number="436" hits="1" branch="False" />
                <line number="437" hits="1" branch="False" />
                <line number="438" hits="14" branch="False" />
                <line number="439" hits="1" branch="False" />
                <line number="440" hits="1" branch="False" />
                <line number="441" hits="1" branch="False" />
                <line number="442" hits="1" branch="False" />
                <line number="443" hits="1" branch="False" />
                <line number="444" hits="1" branch="False" />
                <line number="445" hits="1" branch="False" />
                <line number="446" hits="1" branch="False" />
                <line number="447" hits="14" branch="False" />
                <line number="448" hits="1" branch="False" />
                <line number="449" hits="14" branch="False" />
                <line number="450" hits="5" branch="False" />
                <line number="451" hits="1" branch="False" />
                <line number="452" hits="1" branch="False" />
                <line number="453" hits="1" branch="False" />
                <line number="454" hits="14" branch="False" />
                <line number="455" hits="1" branch="False" />
                <line number="456" hits="1" branch="False" />
                <line number="457" hits="1" branch="False" />
                <line number="458" hits="14" branch="False" />
                <line number="459" hits="1" branch="False" />
                <line number="460" hits="14" branch="False" />
                <line number="461" hits="14" branch="False" />
                <line number="462" hits="1" branch="False" />
                <line number="463" hits="1" branch="False" />
                <line number="464" hits="0" branch="False" />
                <line number="465" hits="0" branch="False" />
                <line number="466" hits="14" branch="False" />
                <line number="467" hits="14" branch="False" />
                <line number="468" hits="1" branch="False" />
                <line number="469" hits="0" branch="False" />
                <line number="470" hits="14" branch="False" />
                <line number="471" hits="1" branch="False" />
                <line number="472" hits="1" branch="False" />
                <line number="473" hits="1" branch="False" />
                <line number="474" hits="1" branch="False" />
                <line number="475" hits="14" branch="False" />
                <line number="476" hits="1" branch="False" />
                <line number="477" hits="1" branch="False" />
                <line number="478" hits="1" branch="False" />
                <line number="479" hits="1" branch="False" />
                <line number="480" hits="14" branch="False" />
                <line number="481" hits="1" branch="False" />
                <line number="482" hits="1" branch="False" />
                <line number="483" hits="1" branch="False" />
                <line number="484" hits="1" branch="False" />
                <line number="485" hits="14" branch="False" />
                <line number="486" hits="1" branch="False" />
                <line number="487" hits="1" branch="False" />
                <line number="488" hits="1" branch="False" />
                <line number="489" hits="14" branch="False" />
                <line number="490" hits="1" branch="False" />
                <line number="491" hits="1" branch="False" />
                <line number="492" hits="1" branch="False" />
                <line number="493" hits="14" branch="False" />
                <line number="494" hits="1" branch="False" />
                <line number="495" hits="1" branch="False" />
                <line number="496" hits="1" branch="False" />
                <line number="497" hits="1" branch="False" />
                <line number="498" hits="1" branch="False" />
                <line number="499" hits="1" branch="False" />
                <line number="500" hits="1" branch="False" />
                <line number="501" hits="1" branch="False" />
                <line number="502" hits="1" branch="False" />
                <line number="503" hits="1" branch="False" />
                <line number="504" hits="1" branch="False" />
                <line number="505" hits="1" branch="False" />
                <line number="506" hits="1" branch="False" />
                <line number="507" hits="1" branch="False" />
                <line number="508" hits="14" branch="False" />
                <line number="509" hits="1" branch="False" />
                <line number="510" hits="1" branch="False" />
                <line number="511" hits="1" branch="False" />
                <line number="512" hits="1" branch="False" />
                <line number="513" hits="1" branch="False" />
                <line number="514" hits="14" branch="False" />
                <line number="515" hits="1" branch="False" />
                <line number="516" hits="1" branch="False" />
                <line number="517" hits="1" branch="False" />
                <line number="518" hits="1" branch="False" />
                <line number="519" hits="1" branch="False" />
                <line number="520" hits="1" branch="False" />
                <line number="521" hits="1" branch="False" />
                <line number="522" hits="14" branch="False" />
                <line number="523" hits="1" branch="False" />
                <line number="524" hits="1" branch="False" />
                <line number="525" hits="1" branch="False" />
                <line number="526" hits="14" branch="False" />
                <line number="527" hits="1" branch="False" />
                <line number="528" hits="1" branch="False" />
                <line number="529" hits="1" branch="False" />
                <line number="530" hits="14" branch="False" />
                <line number="531" hits="1" branch="False" />
                <line number="532" hits="1" branch="False" />
                <line number="533" hits="1" branch="False" />
                <line number="534" hits="1" branch="False" />
                <line number="535" hits="1" branch="False" />
                <line number="536" hits="14" branch="False" />
                <line number="537" hits="1" branch="False" />
                <line number="538" hits="1" branch="False" />
                <line number="539" hits="1" branch="False" />
                <line number="540" hits="1" branch="False" />
                <line number="541" hits="1" branch="False" />
                <line number="542" hits="1" branch="False" />
                <line number="543" hits="1" branch="False" />
                <line number="544" hits="1" branch="False" />
                <line number="545" hits="14" branch="False" />
                <line number="546" hits="1" branch="False" />
                <line number="547" hits="1" branch="False" />
                <line number="548" hits="14" branch="False" />
                <line number="549" hits="1" branch="False" />
                <line number="550" hits="1" branch="False" />
                <line number="551" hits="14" branch="False" />
                <line number="552" hits="1" branch="False" />
                <line number="553" hits="1" branch="False" />
                <line number="554" hits="14" branch="False" />
                <line number="555" hits="1" branch="False" />
                <line number="556" hits="1" branch="False" />
                <line number="557" hits="14" branch="False" />
                <line number="558" hits="1" branch="False" />
                <line number="559" hits="1" branch="False" />
                <line number="560" hits="1" branch="False" />
                <line number="561" hits="1" branch="False" />
                <line number="562" hits="1" branch="False" />
                <line number="563" hits="1" branch="False" />
                <line number="564" hits="1" branch="False" />
                <line number="565" hits="1" branch="False" />
                <line number="566" hits="1" branch="False" />
                <line number="567" hits="1" branch="False" />
                <line number="568" hits="17" branch="False" />
                <line number="572" hits="14" branch="False" />
                <line number="573" hits="14" branch="False" />
                <line number="574" hits="14" branch="False" />
                <line number="575" hits="14" branch="False" />
                <line number="576" hits="14" branch="False" />
                <line number="577" hits="14" branch="False" />
                <line number="578" hits="14" branch="False" />
                <line number="579" hits="4" branch="False" />
                <line number="580" hits="4" branch="False" />
                <line number="581" hits="4" branch="False" />
                <line number="582" hits="4" branch="False" />
                <line number="583" hits="14" branch="False" />
                <line number="584" hits="4" branch="False" />
                <line number="585" hits="4" branch="False" />
                <line number="586" hits="4" branch="False" />
                <line number="587" hits="4" branch="False" />
                <line number="588" hits="0" branch="False" />
                <line number="589" hits="0" branch="False" />
                <line number="590" hits="14" branch="False" />
                <line number="591" hits="14" branch="False" />
                <line number="592" hits="4" branch="False" />
                <line number="593" hits="4" branch="False" />
                <line number="594" hits="4" branch="False" />
                <line number="595" hits="4" branch="False" />
                <line number="596" hits="4" branch="False" />
                <line number="597" hits="14" branch="False" />
                <line number="598" hits="4" branch="False" />
                <line number="599" hits="1" branch="False" />
                <line number="600" hits="1" branch="False" />
                <line number="601" hits="1" branch="False" />
                <line number="602" hits="1" branch="False" />
                <line number="603" hits="1" branch="False" />
                <line number="604" hits="1" branch="False" />
                <line number="605" hits="1" branch="False" />
                <line number="606" hits="14" branch="False" />
                <line number="607" hits="14" branch="False" />
                <line number="608" hits="3" branch="False" />
                <line number="609" hits="3" branch="False" />
                <line number="610" hits="3" branch="False" />
                <line number="611" hits="3" branch="False" />
                <line number="612" hits="14" branch="False" />
                <line number="613" hits="3" branch="False" />
                <line number="614" hits="3" branch="False" />
                <line number="615" hits="3" branch="False" />
                <line number="616" hits="4" branch="False" />
                <line number="617" hits="14" branch="False" />
                <line number="621" hits="14" branch="False" />
                <line number="622" hits="14" branch="False" />
                <line number="623" hits="14" branch="False" />
                <line number="624" hits="14" branch="False" />
                <line number="625" hits="14" branch="False" />
                <line number="626" hits="14" branch="False" />
                <line number="627" hits="14" branch="False" />
                <line number="628" hits="0" branch="False" />
                <line number="629" hits="0" branch="False" />
                <line number="630" hits="0" branch="False" />
                <line number="631" hits="0" branch="False" />
                <line number="632" hits="0" branch="False" />
                <line number="633" hits="14" branch="False" />
                <line number="634" hits="0" branch="False" />
                <line number="635" hits="0" branch="False" />
                <line number="636" hits="14" branch="False" />
                <line number="637" hits="0" branch="False" />
                <line number="638" hits="14" branch="False" />
                <line number="639" hits="0" branch="False" />
                <line number="640" hits="0" branch="False" />
                <line number="641" hits="0" branch="False" />
                <line number="642" hits="14" branch="False" />
                <line number="643" hits="0" branch="False" />
                <line number="644" hits="14" branch="False" />
                <line number="648" hits="14" branch="True" condition-coverage="50% (1/2)">
                  <conditions>
                    <condition number="1199" type="jump" coverage="50%" />
                  </conditions>
                </line>
                <line number="649" hits="0" branch="False" />
                <line number="650" hits="0" branch="False" />
                <line number="651" hits="0" branch="False" />
                <line number="653" hits="0" branch="False" />
                <line number="654" hits="0" branch="False" />
                <line number="655" hits="0" branch="False" />
                <line number="657" hits="0" branch="True" condition-coverage="0% (0/2)">
                  <conditions>
                    <condition number="1506" type="jump" coverage="0%" />
                  </conditions>
                </line>
                <line number="658" hits="0" branch="False" />
                <line number="659" hits="0" branch="False" />
                <line number="660" hits="0" branch="False" />
                <line number="661" hits="0" branch="False" />
                <line number="662" hits="0" branch="False" />
                <line number="663" hits="0" branch="False" />
                <line number="664" hits="0" branch="False" />
                <line number="665" hits="0" branch="False" />
                <line number="666" hits="0" branch="False" />
                <line number="667" hits="0" branch="False" />
                <line number="668" hits="0" branch="False" />
                <line number="670" hits="0" branch="True" condition-coverage="0% (0/2)">
                  <conditions>
                    <condition number="1784" type="jump" coverage="0%" />
                  </conditions>
                </line>
                <line number="671" hits="0" branch="False" />
                <line number="672" hits="0" branch="False" />
                <line number="673" hits="0" branch="False" />
                <line number="674" hits="0" branch="False" />
                <line number="675" hits="0" branch="False" />
                <line number="676" hits="0" branch="False" />
                <line number="677" hits="0" branch="False" />
                <line number="678" hits="0" branch="False" />
                <line number="679" hits="0" branch="False" />
                <line number="680" hits="0" branch="False" />
                <line number="681" hits="0" branch="False" />
                <line number="683" hits="0" branch="False" />
                <line number="684" hits="0" branch="False" />
                <line number="686" hits="14" branch="False" />
              </lines>
            </method>
          </methods>
          <lines>
            <line number="16" hits="14" branch="False" />
            <line number="21" hits="14" branch="True" condition-coverage="50% (1/2)">
              <conditions>
                <condition number="69" type="jump" coverage="50%" />
              </conditions>
            </line>
            <line number="22" hits="14" branch="False" />
            <line number="24" hits="14" branch="False" />
            <line number="26" hits="0" branch="False" />
            <line number="27" hits="0" branch="False" />
            <line number="28" hits="0" branch="False" />
            <line number="29" hits="0" branch="False" />
            <line number="31" hits="14" branch="False" />
            <line number="32" hits="14" branch="False" />
            <line number="33" hits="14" branch="False" />
            <line number="36" hits="14" branch="True" condition-coverage="50% (1/2)">
              <conditions>
                <condition number="206" type="jump" coverage="50%" />
              </conditions>
            </line>
            <line number="37" hits="14" branch="False" />
            <line number="38" hits="14" branch="False" />
            <line number="40" hits="14" branch="True" condition-coverage="50% (1/2)">
              <conditions>
                <condition number="253" type="jump" coverage="50%" />
              </conditions>
            </line>
            <line number="41" hits="14" branch="False" />
            <line number="42" hits="14" branch="False" />
            <line number="44" hits="14" branch="True" condition-coverage="50% (1/2)">
              <conditions>
                <condition number="300" type="jump" coverage="50%" />
              </conditions>
            </line>
            <line number="45" hits="14" branch="False" />
            <line number="46" hits="14" branch="False" />
            <line number="48" hits="14" branch="True" condition-coverage="50% (1/2)">
              <conditions>
                <condition number="342" type="jump" coverage="50%" />
              </conditions>
            </line>
            <line number="49" hits="14" branch="False" />
            <line number="50" hits="14" branch="False" />
            <line number="52" hits="14" branch="True" condition-coverage="50% (1/2)">
              <conditions>
                <condition number="389" type="jump" coverage="50%" />
              </conditions>
            </line>
            <line number="53" hits="14" branch="False" />
            <line number="54" hits="14" branch="False" />
            <line number="56" hits="14" branch="False" />
            <line number="57" hits="14" branch="False" />
            <line number="60" hits="14" branch="False" />
            <line number="61" hits="14" branch="False" />
            <line number="62" hits="14" branch="False" />
            <line number="63" hits="14" branch="False" />
            <line number="64" hits="14" branch="False" />
            <line number="65" hits="14" branch="False" />
            <line number="66" hits="14" branch="False" />
            <line number="67" hits="14" branch="False" />
            <line number="68" hits="14" branch="False" />
            <line number="69" hits="14" branch="False" />
            <line number="70" hits="14" branch="False" />
            <line number="71" hits="14" branch="False" />
            <line number="72" hits="29" branch="False" />
            <line number="73" hits="29" branch="False" />
            <line number="74" hits="29" branch="False" />
            <line number="75" hits="14" branch="False" />
            <line number="76" hits="29" branch="True" condition-coverage="100% (2/2)">
              <conditions>
                <condition number="49" type="jump" coverage="100%" />
              </conditions>
            </line>
            <line number="77" hits="29" branch="False" />
            <line number="78" hits="29" branch="False" />
            <line number="79" hits="18" branch="False" />
            <line number="80" hits="18" branch="False" />
            <line number="81" hits="14" branch="False" />
            <line number="82" hits="14" branch="False" />
            <line number="83" hits="11" branch="False" />
            <line number="84" hits="11" branch="False" />
            <line number="85" hits="14" branch="False" />
            <line number="86" hits="14" branch="False" />
            <line number="87" hits="11" branch="False" />
            <line number="88" hits="11" branch="False" />
            <line number="89" hits="11" branch="False" />
            <line number="90" hits="11" branch="False" />
            <line number="91" hits="14" branch="False" />
            <line number="92" hits="11" branch="True" condition-coverage="50% (1/2)">
              <conditions>
                <condition number="115" type="jump" coverage="50%" />
              </conditions>
            </line>
            <line number="93" hits="11" branch="False" />
            <line number="94" hits="11" branch="False" />
            <line number="95" hits="11" branch="False" />
            <line number="96" hits="11" branch="False" />
            <line number="97" hits="14" branch="False" />
            <line number="98" hits="0" branch="False" />
            <line number="99" hits="0" branch="False" />
            <line number="100" hits="0" branch="False" />
            <line number="101" hits="14" branch="False" />
            <line number="102" hits="43" branch="False" />
            <line number="103" hits="14" branch="False" />
            <line number="104" hits="14" branch="False" />
            <line number="105" hits="14" branch="False" />
            <line number="106" hits="14" branch="False" />
            <line number="107" hits="14" branch="False" />
            <line number="108" hits="14" branch="False" />
            <line number="109" hits="14" branch="False" />
            <line number="110" hits="14" branch="False" />
            <line number="111" hits="14" branch="False" />
            <line number="112" hits="14" branch="False" />
            <line number="113" hits="14" branch="False" />
            <line number="114" hits="14" branch="False" />
            <line number="115" hits="14" branch="False" />
            <line number="116" hits="14" branch="False" />
            <line number="117" hits="14" branch="False" />
            <line number="118" hits="14" branch="False" />
            <line number="119" hits="14" branch="False" />
            <line number="120" hits="14" branch="False" />
            <line number="121" hits="14" branch="False" />
            <line number="122" hits="14" branch="False" />
            <line number="123" hits="14" branch="False" />
            <line number="124" hits="14" branch="False" />
            <line number="125" hits="14" branch="False" />
            <line number="126" hits="14" branch="False" />
            <line number="127" hits="14" branch="False" />
            <line number="128" hits="14" branch="False" />
            <line number="129" hits="14" branch="False" />
            <line number="130" hits="14" branch="False" />
            <line number="131" hits="0" branch="False" />
            <line number="132" hits="0" branch="False" />
            <line number="133" hits="0" branch="False" />
            <line number="134" hits="14" branch="False" />
            <line number="135" hits="0" branch="False" />
            <line number="136" hits="0" branch="False" />
            <line number="137" hits="0" branch="False" />
            <line number="138" hits="0" branch="False" />
            <line number="139" hits="0" branch="False" />
            <line number="140" hits="0" branch="False" />
            <line number="141" hits="0" branch="False" />
            <line number="142" hits="0" branch="False" />
            <line number="143" hits="0" branch="False" />
            <line number="144" hits="0" branch="False" />
            <line number="145" hits="0" branch="False" />
            <line number="146" hits="0" branch="False" />
            <line number="147" hits="14" branch="False" />
            <line number="150" hits="14" branch="False" />
            <line number="151" hits="14" branch="False" />
            <line number="152" hits="14" branch="False" />
            <line number="153" hits="14" branch="False" />
            <line number="154" hits="14" branch="False" />
            <line number="155" hits="28" branch="False" />
            <line number="156" hits="28" branch="False" />
            <line number="157" hits="28" branch="False" />
            <line number="158" hits="14" branch="False" />
            <line number="159" hits="14" branch="False" />
            <line number="160" hits="14" branch="False" />
            <line number="161" hits="14" branch="False" />
            <line number="162" hits="28" branch="False" />
            <line number="163" hits="28" branch="False" />
            <line number="164" hits="28" branch="False" />
            <line number="166" hits="14" branch="False" />
            <line number="168" hits="14" branch="False" />
            <line number="170" hits="14" branch="False" />
            <line number="172" hits="14" branch="False" />
            <line number="173" hits="14" branch="False" />
            <line number="177" hits="14" branch="False" />
            <line number="178" hits="14" branch="False" />
            <line number="179" hits="14" branch="False" />
            <line number="180" hits="14" branch="False" />
            <line number="181" hits="14" branch="False" />
            <line number="182" hits="14" branch="False" />
            <line number="183" hits="14" branch="False" />
            <line number="184" hits="1" branch="False" />
            <line number="185" hits="1" branch="False" />
            <line number="186" hits="1" branch="False" />
            <line number="187" hits="14" branch="False" />
            <line number="188" hits="1" branch="False" />
            <line number="189" hits="1" branch="False" />
            <line number="190" hits="1" branch="False" />
            <line number="191" hits="1" branch="False" />
            <line number="192" hits="14" branch="False" />
            <line number="193" hits="1" branch="False" />
            <line number="194" hits="15" branch="False" />
            <line number="198" hits="14" branch="False" />
            <line number="199" hits="14" branch="False" />
            <line number="200" hits="14" branch="False" />
            <line number="201" hits="14" branch="False" />
            <line number="202" hits="14" branch="False" />
            <line number="203" hits="14" branch="False" />
            <line number="204" hits="1" branch="False" />
            <line number="205" hits="1" branch="False" />
            <line number="206" hits="1" branch="False" />
            <line number="207" hits="1" branch="False" />
            <line number="208" hits="14" branch="False" />
            <line number="209" hits="1" branch="False" />
            <line number="210" hits="1" branch="False" />
            <line number="211" hits="1" branch="False" />
            <line number="212" hits="15" branch="False" />
            <line number="216" hits="14" branch="False" />
            <line number="217" hits="14" branch="False" />
            <line number="218" hits="14" branch="False" />
            <line number="219" hits="14" branch="False" />
            <line number="220" hits="14" branch="False" />
            <line number="221" hits="14" branch="False" />
            <line number="222" hits="1" branch="False" />
            <line number="223" hits="1" branch="False" />
            <line number="224" hits="1" branch="False" />
            <line number="225" hits="1" branch="False" />
            <line number="226" hits="14" branch="False" />
            <line number="227" hits="1" branch="False" />
            <line number="228" hits="1" branch="False" />
            <line number="229" hits="1" branch="False" />
            <line number="230" hits="1" branch="False" />
            <line number="231" hits="14" branch="False" />
            <line number="235" hits="14" branch="False" />
            <line number="236" hits="14" branch="False" />
            <line number="237" hits="14" branch="False" />
            <line number="238" hits="14" branch="False" />
            <line number="239" hits="14" branch="False" />
            <line number="240" hits="14" branch="False" />
            <line number="241" hits="0" branch="False" />
            <line number="242" hits="0" branch="False" />
            <line number="243" hits="0" branch="False" />
            <line number="244" hits="0" branch="False" />
            <line number="245" hits="14" branch="False" />
            <line number="246" hits="0" branch="False" />
            <line number="247" hits="0" branch="False" />
            <line number="248" hits="0" branch="False" />
            <line number="249" hits="14" branch="False" />
            <line number="253" hits="14" branch="False" />
            <line number="254" hits="14" branch="False" />
            <line number="255" hits="14" branch="False" />
            <line number="256" hits="14" branch="False" />
            <line number="257" hits="14" branch="False" />
            <line number="258" hits="14" branch="False" />
            <line number="259" hits="14" branch="False" />
            <line number="260" hits="9" branch="False" />
            <line number="261" hits="9" branch="False" />
            <line number="262" hits="9" branch="False" />
            <line number="263" hits="9" branch="False" />
            <line number="264" hits="9" branch="False" />
            <line number="265" hits="14" branch="False" />
            <line number="266" hits="9" branch="False" />
            <line number="267" hits="9" branch="False" />
            <line number="268" hits="9" branch="False" />
            <line number="269" hits="9" branch="False" />
            <line number="270" hits="1" branch="False" />
            <line number="271" hits="1" branch="False" />
            <line number="272" hits="14" branch="False" />
            <line number="273" hits="14" branch="False" />
            <line number="274" hits="8" branch="False" />
            <line number="275" hits="8" branch="False" />
            <line number="276" hits="8" branch="False" />
            <line number="277" hits="8" branch="False" />
            <line number="278" hits="14" branch="False" />
            <line number="279" hits="8" branch="False" />
            <line number="280" hits="8" branch="False" />
            <line number="281" hits="8" branch="False" />
            <line number="282" hits="8" branch="False" />
            <line number="283" hits="14" branch="False" />
            <line number="284" hits="8" branch="False" />
            <line number="285" hits="8" branch="False" />
            <line number="286" hits="8" branch="False" />
            <line number="287" hits="8" branch="False" />
            <line number="288" hits="14" branch="False" />
            <line number="289" hits="8" branch="False" />
            <line number="290" hits="8" branch="False" />
            <line number="291" hits="8" branch="False" />
            <line number="292" hits="14" branch="False" />
            <line number="293" hits="8" branch="False" />
            <line number="294" hits="8" branch="False" />
            <line number="295" hits="8" branch="False" />
            <line number="296" hits="14" branch="False" />
            <line number="297" hits="8" branch="False" />
            <line number="298" hits="8" branch="False" />
            <line number="299" hits="8" branch="False" />
            <line number="300" hits="8" branch="False" />
            <line number="301" hits="8" branch="False" />
            <line number="302" hits="8" branch="False" />
            <line number="303" hits="8" branch="False" />
            <line number="304" hits="8" branch="False" />
            <line number="305" hits="8" branch="False" />
            <line number="306" hits="8" branch="False" />
            <line number="307" hits="8" branch="False" />
            <line number="308" hits="8" branch="False" />
            <line number="309" hits="8" branch="False" />
            <line number="310" hits="8" branch="False" />
            <line number="311" hits="14" branch="False" />
            <line number="312" hits="8" branch="False" />
            <line number="313" hits="8" branch="False" />
            <line number="314" hits="8" branch="False" />
            <line number="315" hits="8" branch="False" />
            <line number="316" hits="8" branch="False" />
            <line number="317" hits="14" branch="False" />
            <line number="318" hits="8" branch="False" />
            <line number="319" hits="8" branch="False" />
            <line number="320" hits="8" branch="False" />
            <line number="321" hits="8" branch="False" />
            <line number="322" hits="8" branch="False" />
            <line number="323" hits="8" branch="False" />
            <line number="324" hits="8" branch="False" />
            <line number="325" hits="14" branch="False" />
            <line number="326" hits="8" branch="False" />
            <line number="327" hits="8" branch="False" />
            <line number="328" hits="8" branch="False" />
            <line number="329" hits="14" branch="False" />
            <line number="330" hits="8" branch="False" />
            <line number="331" hits="8" branch="False" />
            <line number="332" hits="8" branch="False" />
            <line number="333" hits="14" branch="False" />
            <line number="334" hits="8" branch="False" />
            <line number="335" hits="8" branch="False" />
            <line number="336" hits="8" branch="False" />
            <line number="337" hits="8" branch="False" />
            <line number="338" hits="8" branch="False" />
            <line number="339" hits="14" branch="False" />
            <line number="340" hits="8" branch="False" />
            <line number="341" hits="8" branch="False" />
            <line number="342" hits="8" branch="False" />
            <line number="343" hits="8" branch="False" />
            <line number="344" hits="8" branch="False" />
            <line number="345" hits="8" branch="False" />
            <line number="346" hits="8" branch="False" />
            <line number="347" hits="8" branch="False" />
            <line number="348" hits="14" branch="False" />
            <line number="349" hits="8" branch="False" />
            <line number="350" hits="8" branch="False" />
            <line number="351" hits="14" branch="False" />
            <line number="352" hits="8" branch="False" />
            <line number="353" hits="8" branch="False" />
            <line number="354" hits="14" branch="False" />
            <line number="355" hits="8" branch="False" />
            <line number="356" hits="8" branch="False" />
            <line number="357" hits="8" branch="False" />
            <line number="358" hits="8" branch="False" />
            <line number="359" hits="8" branch="False" />
            <line number="360" hits="8" branch="False" />
            <line number="361" hits="8" branch="False" />
            <line number="362" hits="8" branch="False" />
            <line number="363" hits="8" branch="False" />
            <line number="364" hits="8" branch="False" />
            <line number="365" hits="23" branch="False" />
            <line number="369" hits="14" branch="False" />
            <line number="370" hits="14" branch="False" />
            <line number="371" hits="14" branch="False" />
            <line number="372" hits="14" branch="False" />
            <line number="373" hits="14" branch="False" />
            <line number="374" hits="14" branch="False" />
            <line number="375" hits="0" branch="False" />
            <line number="376" hits="0" branch="False" />
            <line number="377" hits="0" branch="False" />
            <line number="378" hits="0" branch="False" />
            <line number="379" hits="0" branch="False" />
            <line number="380" hits="0" branch="False" />
            <line number="381" hits="14" branch="False" />
            <line number="382" hits="0" branch="False" />
            <line number="383" hits="0" branch="False" />
            <line number="384" hits="0" branch="False" />
            <line number="385" hits="0" branch="False" />
            <line number="386" hits="0" branch="False" />
            <line number="387" hits="14" branch="False" />
            <line number="388" hits="0" branch="False" />
            <line number="389" hits="0" branch="False" />
            <line number="390" hits="14" branch="False" />
            <line number="391" hits="0" branch="False" />
            <line number="392" hits="0" branch="False" />
            <line number="393" hits="0" branch="False" />
            <line number="394" hits="0" branch="False" />
            <line number="395" hits="14" branch="False" />
            <line number="396" hits="0" branch="False" />
            <line number="397" hits="0" branch="False" />
            <line number="398" hits="0" branch="False" />
            <line number="399" hits="14" branch="False" />
            <line number="400" hits="0" branch="False" />
            <line number="401" hits="14" branch="False" />
            <line number="405" hits="14" branch="False" />
            <line number="406" hits="14" branch="False" />
            <line number="407" hits="14" branch="False" />
            <line number="408" hits="14" branch="False" />
            <line number="409" hits="14" branch="False" />
            <line number="410" hits="14" branch="False" />
            <line number="411" hits="14" branch="False" />
            <line number="412" hits="14" branch="False" />
            <line number="413" hits="14" branch="False" />
            <line number="414" hits="3" branch="False" />
            <line number="415" hits="3" branch="False" />
            <line number="416" hits="3" branch="False" />
            <line number="417" hits="3" branch="False" />
            <line number="418" hits="3" branch="False" />
            <line number="419" hits="3" branch="False" />
            <line number="420" hits="14" branch="False" />
            <line number="421" hits="3" branch="False" />
            <line number="422" hits="3" branch="False" />
            <line number="423" hits="3" branch="False" />
            <line number="424" hits="3" branch="False" />
            <line number="425" hits="3" branch="False" />
            <line number="426" hits="3" branch="False" />
            <line number="427" hits="14" branch="False" />
            <line number="428" hits="3" branch="False" />
            <line number="429" hits="1" branch="False" />
            <line number="430" hits="14" branch="False" />
            <line number="431" hits="2" branch="False" />
            <line number="432" hits="1" branch="False" />
            <line number="433" hits="1" branch="False" />
            <line number="434" hits="1" branch="False" />
            <line number="435" hits="1" branch="False" />
            <line number="436" hits="1" branch="False" />
            <line number="437" hits="1" branch="False" />
            <line number="438" hits="14" branch="False" />
            <line number="439" hits="1" branch="False" />
            <line number="440" hits="1" branch="False" />
            <line number="441" hits="1" branch="False" />
            <line number="442" hits="1" branch="False" />
            <line number="443" hits="1" branch="False" />
            <line number="444" hits="1" branch="False" />
            <line number="445" hits="1" branch="False" />
            <line number="446" hits="1" branch="False" />
            <line number="447" hits="14" branch="False" />
            <line number="448" hits="1" branch="False" />
            <line number="449" hits="14" branch="False" />
            <line number="450" hits="5" branch="False" />
            <line number="451" hits="1" branch="False" />
            <line number="452" hits="1" branch="False" />
            <line number="453" hits="1" branch="False" />
            <line number="454" hits="14" branch="False" />
            <line number="455" hits="1" branch="False" />
            <line number="456" hits="1" branch="False" />
            <line number="457" hits="1" branch="False" />
            <line number="458" hits="14" branch="False" />
            <line number="459" hits="1" branch="False" />
            <line number="460" hits="14" branch="False" />
            <line number="461" hits="14" branch="False" />
            <line number="462" hits="1" branch="False" />
            <line number="463" hits="1" branch="False" />
            <line number="464" hits="0" branch="False" />
            <line number="465" hits="0" branch="False" />
            <line number="466" hits="14" branch="False" />
            <line number="467" hits="14" branch="False" />
            <line number="468" hits="1" branch="False" />
            <line number="469" hits="0" branch="False" />
            <line number="470" hits="14" branch="False" />
            <line number="471" hits="1" branch="False" />
            <line number="472" hits="1" branch="False" />
            <line number="473" hits="1" branch="False" />
            <line number="474" hits="1" branch="False" />
            <line number="475" hits="14" branch="False" />
            <line number="476" hits="1" branch="False" />
            <line number="477" hits="1" branch="False" />
            <line number="478" hits="1" branch="False" />
            <line number="479" hits="1" branch="False" />
            <line number="480" hits="14" branch="False" />
            <line number="481" hits="1" branch="False" />
            <line number="482" hits="1" branch="False" />
            <line number="483" hits="1" branch="False" />
            <line number="484" hits="1" branch="False" />
            <line number="485" hits="14" branch="False" />
            <line number="486" hits="1" branch="False" />
            <line number="487" hits="1" branch="False" />
            <line number="488" hits="1" branch="False" />
            <line number="489" hits="14" branch="False" />
            <line number="490" hits="1" branch="False" />
            <line number="491" hits="1" branch="False" />
            <line number="492" hits="1" branch="False" />
            <line number="493" hits="14" branch="False" />
            <line number="494" hits="1" branch="False" />
            <line number="495" hits="1" branch="False" />
            <line number="496" hits="1" branch="False" />
            <line number="497" hits="1" branch="False" />
            <line number="498" hits="1" branch="False" />
            <line number="499" hits="1" branch="False" />
            <line number="500" hits="1" branch="False" />
            <line number="501" hits="1" branch="False" />
            <line number="502" hits="1" branch="False" />
            <line number="503" hits="1" branch="False" />
            <line number="504" hits="1" branch="False" />
            <line number="505" hits="1" branch="False" />
            <line number="506" hits="1" branch="False" />
            <line number="507" hits="1" branch="False" />
            <line number="508" hits="14" branch="False" />
            <line number="509" hits="1" branch="False" />
            <line number="510" hits="1" branch="False" />
            <line number="511" hits="1" branch="False" />
            <line number="512" hits="1" branch="False" />
            <line number="513" hits="1" branch="False" />
            <line number="514" hits="14" branch="False" />
            <line number="515" hits="1" branch="False" />
            <line number="516" hits="1" branch="False" />
            <line number="517" hits="1" branch="False" />
            <line number="518" hits="1" branch="False" />
            <line number="519" hits="1" branch="False" />
            <line number="520" hits="1" branch="False" />
            <line number="521" hits="1" branch="False" />
            <line number="522" hits="14" branch="False" />
            <line number="523" hits="1" branch="False" />
            <line number="524" hits="1" branch="False" />
            <line number="525" hits="1" branch="False" />
            <line number="526" hits="14" branch="False" />
            <line number="527" hits="1" branch="False" />
            <line number="528" hits="1" branch="False" />
            <line number="529" hits="1" branch="False" />
            <line number="530" hits="14" branch="False" />
            <line number="531" hits="1" branch="False" />
            <line number="532" hits="1" branch="False" />
            <line number="533" hits="1" branch="False" />
            <line number="534" hits="1" branch="False" />
            <line number="535" hits="1" branch="False" />
            <line number="536" hits="14" branch="False" />
            <line number="537" hits="1" branch="False" />
            <line number="538" hits="1" branch="False" />
            <line number="539" hits="1" branch="False" />
            <line number="540" hits="1" branch="False" />
            <line number="541" hits="1" branch="False" />
            <line number="542" hits="1" branch="False" />
            <line number="543" hits="1" branch="False" />
            <line number="544" hits="1" branch="False" />
            <line number="545" hits="14" branch="False" />
            <line number="546" hits="1" branch="False" />
            <line number="547" hits="1" branch="False" />
            <line number="548" hits="14" branch="False" />
            <line number="549" hits="1" branch="False" />
            <line number="550" hits="1" branch="False" />
            <line number="551" hits="14" branch="False" />
            <line number="552" hits="1" branch="False" />
            <line number="553" hits="1" branch="False" />
            <line number="554" hits="14" branch="False" />
            <line number="555" hits="1" branch="False" />
            <line number="556" hits="1" branch="False" />
            <line number="557" hits="14" branch="False" />
            <line number="558" hits="1" branch="False" />
            <line number="559" hits="1" branch="False" />
            <line number="560" hits="1" branch="False" />
            <line number="561" hits="1" branch="False" />
            <line number="562" hits="1" branch="False" />
            <line number="563" hits="1" branch="False" />
            <line number="564" hits="1" branch="False" />
            <line number="565" hits="1" branch="False" />
            <line number="566" hits="1" branch="False" />
            <line number="567" hits="1" branch="False" />
            <line number="568" hits="17" branch="False" />
            <line number="572" hits="14" branch="False" />
            <line number="573" hits="14" branch="False" />
            <line number="574" hits="14" branch="False" />
            <line number="575" hits="14" branch="False" />
            <line number="576" hits="14" branch="False" />
            <line number="577" hits="14" branch="False" />
            <line number="578" hits="14" branch="False" />
            <line number="579" hits="4" branch="False" />
            <line number="580" hits="4" branch="False" />
            <line number="581" hits="4" branch="False" />
            <line number="582" hits="4" branch="False" />
            <line number="583" hits="14" branch="False" />
            <line number="584" hits="4" branch="False" />
            <line number="585" hits="4" branch="False" />
            <line number="586" hits="4" branch="False" />
            <line number="587" hits="4" branch="False" />
            <line number="588" hits="0" branch="False" />
            <line number="589" hits="0" branch="False" />
            <line number="590" hits="14" branch="False" />
            <line number="591" hits="14" branch="False" />
            <line number="592" hits="4" branch="False" />
            <line number="593" hits="4" branch="False" />
            <line number="594" hits="4" branch="False" />
            <line number="595" hits="4" branch="False" />
            <line number="596" hits="4" branch="False" />
            <line number="597" hits="14" branch="False" />
            <line number="598" hits="4" branch="False" />
            <line number="599" hits="1" branch="False" />
            <line number="600" hits="1" branch="False" />
            <line number="601" hits="1" branch="False" />
            <line number="602" hits="1" branch="False" />
            <line number="603" hits="1" branch="False" />
            <line number="604" hits="1" branch="False" />
            <line number="605" hits="1" branch="False" />
            <line number="606" hits="14" branch="False" />
            <line number="607" hits="14" branch="False" />
            <line number="608" hits="3" branch="False" />
            <line number="609" hits="3" branch="False" />
            <line number="610" hits="3" branch="False" />
            <line number="611" hits="3" branch="False" />
            <line number="612" hits="14" branch="False" />
            <line number="613" hits="3" branch="False" />
            <line number="614" hits="3" branch="False" />
            <line number="615" hits="3" branch="False" />
            <line number="616" hits="4" branch="False" />
            <line number="617" hits="14" branch="False" />
            <line number="621" hits="14" branch="False" />
            <line number="622" hits="14" branch="False" />
            <line number="623" hits="14" branch="False" />
            <line number="624" hits="14" branch="False" />
            <line number="625" hits="14" branch="False" />
            <line number="626" hits="14" branch="False" />
            <line number="627" hits="14" branch="False" />
            <line number="628" hits="0" branch="False" />
            <line number="629" hits="0" branch="False" />
            <line number="630" hits="0" branch="False" />
            <line number="631" hits="0" branch="False" />
            <line number="632" hits="0" branch="False" />
            <line number="633" hits="14" branch="False" />
            <line number="634" hits="0" branch="False" />
            <line number="635" hits="0" branch="False" />
            <line number="636" hits="14" branch="False" />
            <line number="637" hits="0" branch="False" />
            <line number="638" hits="14" branch="False" />
            <line number="639" hits="0" branch="False" />
            <line number="640" hits="0" branch="False" />
            <line number="641" hits="0" branch="False" />
            <line number="642" hits="14" branch="False" />
            <line number="643" hits="0" branch="False" />
            <line number="644" hits="14" branch="False" />
            <line number="648" hits="14" branch="True" condition-coverage="50% (1/2)">
              <conditions>
                <condition number="1199" type="jump" coverage="50%" />
              </conditions>
            </line>
            <line number="649" hits="0" branch="False" />
            <line number="650" hits="0" branch="False" />
            <line number="651" hits="0" branch="False" />
            <line number="653" hits="0" branch="False" />
            <line number="654" hits="0" branch="False" />
            <line number="655" hits="0" branch="False" />
            <line number="657" hits="0" branch="True" condition-coverage="0% (0/2)">
              <conditions>
                <condition number="1506" type="jump" coverage="0%" />
              </conditions>
            </line>
            <line number="658" hits="0" branch="False" />
            <line number="659" hits="0" branch="False" />
            <line number="660" hits="0" branch="False" />
            <line number="661" hits="0" branch="False" />
            <line number="662" hits="0" branch="False" />
            <line number="663" hits="0" branch="False" />
            <line number="664" hits="0" branch="False" />
            <line number="665" hits="0" branch="False" />
            <line number="666" hits="0" branch="False" />
            <line number="667" hits="0" branch="False" />
            <line number="668" hits="0" branch="False" />
            <line number="670" hits="0" branch="True" condition-coverage="0% (0/2)">
              <conditions>
                <condition number="1784" type="jump" coverage="0%" />
              </conditions>
            </line>
            <line number="671" hits="0" branch="False" />
            <line number="672" hits="0" branch="False" />
            <line number="673" hits="0" branch="False" />
            <line number="674" hits="0" branch="False" />
            <line number="675" hits="0" branch="False" />
            <line number="676" hits="0" branch="False" />
            <line number="677" hits="0" branch="False" />
            <line number="678" hits="0" branch="False" />
            <line number="679" hits="0" branch="False" />
            <line number="680" hits="0" branch="False" />
            <line number="681" hits="0" branch="False" />
            <line number="683" hits="0" branch="False" />
            <line number="684" hits="0" branch="False" />
            <line number="686" hits="14" branch="False" />
          </lines>
        </class>
        <class name="Program/&lt;&gt;c/&lt;&lt;&lt;Main&gt;$&gt;b__0_10&gt;d" filename="Program.cs" line-rate="1" branch-rate="0.6" complexity="10">
          <methods />
          <lines />
        </class>
        <class name="Program/&lt;&gt;c/&lt;&lt;&lt;Main&gt;$&gt;b__0_11&gt;d" filename="Program.cs" line-rate="1" branch-rate="0" complexity="4">
          <methods />
          <lines />
        </class>
        <class name="Program/&lt;&gt;c/&lt;&lt;&lt;Main&gt;$&gt;b__0_12&gt;d" filename="Program.cs" line-rate="1" branch-rate="0.7222" complexity="18">
          <methods />
          <lines />
        </class>
        <class name="Program/&lt;&gt;c/&lt;&lt;&lt;Main&gt;$&gt;b__0_13&gt;d" filename="Program.cs" line-rate="1" branch-rate="0.6666" complexity="6">
          <methods />
          <lines />
        </class>
        <class name="Program/&lt;&gt;c/&lt;&lt;&lt;Main&gt;$&gt;b__0_14&gt;d" filename="Program.cs" line-rate="1" branch-rate="0" complexity="2">
          <methods />
          <lines />
        </class>
[...]
            <line number="56" hits="0" branch="False" />
            <line number="57" hits="0" branch="False" />
            <line number="58" hits="0" branch="False" />
            <line number="59" hits="0" branch="False" />
            <line number="60" hits="0" branch="False" />
            <line number="61" hits="0" branch="False" />
            <line number="62" hits="0" branch="False" />
            <line number="63" hits="0" branch="False" />
            <line number="64" hits="0" branch="False" />
            <line number="65" hits="0" branch="False" />
            <line number="66" hits="0" branch="False" />
            <line number="67" hits="0" branch="False" />
            <line number="68" hits="0" branch="False" />
            <line number="69" hits="0" branch="False" />
            <line number="70" hits="0" branch="False" />
            <line number="71" hits="0" branch="False" />
            <line number="72" hits="0" branch="False" />
            <line number="73" hits="0" branch="False" />
            <line number="74" hits="0" branch="False" />
            <line number="75" hits="0" branch="False" />
            <line number="76" hits="0" branch="False" />
            <line number="77" hits="0" branch="False" />
            <line number="78" hits="0" branch="False" />
            <line number="79" hits="0" branch="False" />
            <line number="80" hits="0" branch="False" />
            <line number="81" hits="0" branch="False" />
            <line number="82" hits="0" branch="False" />
            <line number="83" hits="0" branch="False" />
            <line number="84" hits="0" branch="False" />
            <line number="85" hits="0" branch="False" />
            <line number="87" hits="0" branch="False" />
            <line number="88" hits="0" branch="False" />
            <line number="89" hits="0" branch="False" />
            <line number="90" hits="0" branch="False" />
            <line number="91" hits="0" branch="False" />
            <line number="92" hits="0" branch="False" />
            <line number="93" hits="0" branch="False" />
            <line number="94" hits="0" branch="False" />
            <line number="95" hits="0" branch="False" />
            <line number="96" hits="0" branch="False" />
            <line number="97" hits="0" branch="False" />
            <line number="98" hits="0" branch="False" />
            <line number="99" hits="0" branch="False" />
            <line number="100" hits="0" branch="False" />
            <line number="101" hits="0" branch="False" />
            <line number="103" hits="0" branch="False" />
            <line number="104" hits="0" branch="False" />
          </lines>
        </class>
        <class name="QuotesApi.Extensions.QuoteEndpointsExtensions/&lt;&gt;c/&lt;&lt;MapQuoteEndpoints&gt;b__0_0&gt;d" filename="Extensions\QuoteEndpointsExtensions.cs" line-rate="1" branch-rate="0" complexity="4">
          <methods />
          <lines />
        </class>
        <class name="QuotesApi.Extensions.QuoteEndpointsExtensions/&lt;&gt;c/&lt;&lt;MapQuoteEndpoints&gt;b__0_1&gt;d" filename="Extensions\QuoteEndpointsExtensions.cs" line-rate="1" branch-rate="0" complexity="2">
          <methods />
          <lines />
        </class>
        <class name="QuotesApi.Extensions.QuoteEndpointsExtensions/&lt;&gt;c/&lt;&lt;MapQuoteEndpoints&gt;b__0_2&gt;d" filename="Extensions\QuoteEndpointsExtensions.cs" line-rate="1" branch-rate="0" complexity="6">
          <methods />
          <lines />
        </class>
        <class name="QuotesApi.Extensions.QuoteEndpointsExtensions/&lt;&gt;c/&lt;&lt;MapQuoteEndpoints&gt;b__0_3&gt;d" filename="Extensions\QuoteEndpointsExtensions.cs" line-rate="1" branch-rate="0" complexity="2">
          <methods />
          <lines />
        </class>
        <class name="QuotesApi.Data.QuotesDbContext" filename="Data\QuotesDbContext.cs" line-rate="0.9876" branch-rate="1" complexity="6">
          <methods>
            <method name="get_Quotes" signature="()" line-rate="1" branch-rate="1" complexity="1">
              <lines>
                <line number="13" hits="9" branch="False" />
              </lines>
            </method>
            <method name="get_Collections" signature="()" line-rate="0" branch-rate="1" complexity="1">
              <lines>
                <line number="14" hits="0" branch="False" />
              </lines>
            </method>
            <method name="get_Users" signature="()" line-rate="1" branch-rate="1" complexity="1">
              <lines>
                <line number="15" hits="65" branch="False" />
              </lines>
            </method>
            <method name="get_RefreshTokens" signature="()" line-rate="1" branch-rate="1" complexity="1">
              <lines>
                <line number="16" hits="13" branch="False" />
              </lines>
            </method>
            <method name="OnModelCreating" signature="(Microsoft.EntityFrameworkCore.ModelBuilder)" line-rate="1" branch-rate="1" complexity="1">
              <lines>
                <line number="19" hits="1" branch="False" />
                <line number="20" hits="1" branch="False" />
                <line number="21" hits="1" branch="False" />
                <line number="22" hits="1" branch="False" />
                <line number="23" hits="1" branch="False" />
                <line number="24" hits="1" branch="False" />
                <line number="25" hits="1" branch="False" />
                <line number="26" hits="1" branch="False" />
                <line number="27" hits="1" branch="False" />
                <line number="28" hits="1" branch="False" />
                <line number="29" hits="1" branch="False" />
                <line number="30" hits="1" branch="False" />
                <line number="31" hits="1" branch="False" />
                <line number="32" hits="1" branch="False" />
                <line number="33" hits="1" branch="False" />
                <line number="34" hits="1" branch="False" />
                <line number="35" hits="1" branch="False" />
                <line number="36" hits="2" branch="False" />
                <line number="38" hits="1" branch="False" />
                <line number="39" hits="1" branch="False" />
                <line number="40" hits="1" branch="False" />
                <line number="41" hits="1" branch="False" />
                <line number="42" hits="1" branch="False" />
                <line number="43" hits="1" branch="False" />
                <line number="44" hits="1" branch="False" />
                <line number="45" hits="1" branch="False" />
                <line number="46" hits="1" branch="False" />
                <line number="47" hits="1" branch="False" />
                <line number="48" hits="1" branch="False" />
                <line number="49" hits="1" branch="False" />
                <line number="50" hits="1" branch="False" />
                <line number="51" hits="1" branch="False" />
                <line number="52" hits="1" branch="False" />
                <line number="53" hits="1" branch="False" />
                <line number="54" hits="1" branch="False" />
                <line number="55" hits="1" branch="False" />
                <line number="56" hits="1" branch="False" />
                <line number="57" hits="1" branch="False" />
                <line number="58" hits="1" branch="False" />
                <line number="59" hits="1" branch="False" />
                <line number="60" hits="1" branch="False" />
                <line number="61" hits="1" branch="False" />
                <line number="62" hits="2" branch="False" />
                <line number="63" hits="2" branch="False" />
                <line number="66" hits="1" branch="False" />
                <line number="67" hits="1" branch="False" />
                <line number="68" hits="1" branch="False" />
                <line number="69" hits="1" branch="False" />
                <line number="70" hits="1" branch="False" />
                <line number="71" hits="1" branch="False" />
                <line number="72" hits="1" branch="False" />
                <line number="73" hits="1" branch="False" />
                <line number="74" hits="1" branch="False" />
                <line number="75" hits="1" branch="False" />
                <line number="76" hits="1" branch="False" />
                <line number="77" hits="2" branch="False" />
                <line number="80" hits="1" branch="False" />
                <line number="81" hits="1" branch="False" />
                <line number="82" hits="1" branch="False" />
                <line number="83" hits="1" branch="False" />
                <line number="84" hits="1" branch="False" />
                <line number="87" hits="1" branch="False" />
                <line number="88" hits="1" branch="False" />
                <line number="89" hits="1" branch="False" />
                <line number="90" hits="1" branch="False" />
                <line number="91" hits="1" branch="False" />
                <line number="92" hits="1" branch="False" />
                <line number="93" hits="1" branch="False" />
                <line number="94" hits="1" branch="False" />
                <line number="95" hits="1" branch="False" />
                <line number="96" hits="1" branch="False" />
                <line number="97" hits="1" branch="False" />
                <line number="98" hits="2" branch="False" />
                <line number="99" hits="1" branch="False" />
              </lines>
            </method>
            <method name=".ctor" signature="(Microsoft.EntityFrameworkCore.DbContextOptions)" line-rate="1" branch-rate="1" complexity="1">
              <lines>
                <line number="9" hits="38" branch="False" />
                <line number="10" hits="38" branch="False" />
                <line number="11" hits="38" branch="False" />
              </lines>
            </method>
          </methods>
          <lines>
            <line number="13" hits="9" branch="False" />
            <line number="14" hits="0" branch="False" />
            <line number="15" hits="65" branch="False" />
            <line number="16" hits="13" branch="False" />
            <line number="19" hits="1" branch="False" />
            <line number="20" hits="1" branch="False" />
            <line number="21" hits="1" branch="False" />
            <line number="22" hits="1" branch="False" />
            <line number="23" hits="1" branch="False" />
            <line number="24" hits="1" branch="False" />
            <line number="25" hits="1" branch="False" />
            <line number="26" hits="1" branch="False" />
            <line number="27" hits="1" branch="False" />
            <line number="28" hits="1" branch="False" />
            <line number="29" hits="1" branch="False" />
            <line number="30" hits="1" branch="False" />
            <line number="31" hits="1" branch="False" />
            <line number="32" hits="1" branch="False" />
            <line number="33" hits="1" branch="False" />
            <line number="34" hits="1" branch="False" />
            <line number="35" hits="1" branch="False" />
            <line number="36" hits="2" branch="False" />
            <line number="38" hits="1" branch="False" />
            <line number="39" hits="1" branch="False" />
            <line number="40" hits="1" branch="False" />
            <line number="41" hits="1" branch="False" />
            <line number="42" hits="1" branch="False" />
            <line number="43" hits="1" branch="False" />
            <line number="44" hits="1" branch="False" />
            <line number="45" hits="1" branch="False" />
            <line number="46" hits="1" branch="False" />
            <line number="47" hits="1" branch="False" />
            <line number="48" hits="1" branch="False" />
            <line number="49" hits="1" branch="False" />
            <line number="50" hits="1" branch="False" />
            <line number="51" hits="1" branch="False" />
            <line number="52" hits="1" branch="False" />
            <line number="53" hits="1" branch="False" />
            <line number="54" hits="1" branch="False" />
            <line number="55" hits="1" branch="False" />
            <line number="56" hits="1" branch="False" />
            <line number="57" hits="1" branch="False" />
            <line number="58" hits="1" branch="False" />
            <line number="59" hits="1" branch="False" />
            <line number="60" hits="1" branch="False" />
            <line number="61" hits="1" branch="False" />
            <line number="62" hits="2" branch="False" />
            <line number="63" hits="2" branch="False" />
            <line number="66" hits="1" branch="False" />
            <line number="67" hits="1" branch="False" />
            <line number="68" hits="1" branch="False" />
            <line number="69" hits="1" branch="False" />
            <line number="70" hits="1" branch="False" />
            <line number="71" hits="1" branch="False" />
            <line number="72" hits="1" branch="False" />
            <line number="73" hits="1" branch="False" />
            <line number="74" hits="1" branch="False" />
            <line number="75" hits="1" branch="False" />
            <line number="76" hits="1" branch="False" />
            <line number="77" hits="2" branch="False" />
            <line number="80" hits="1" branch="False" />
            <line number="81" hits="1" branch="False" />
            <line number="82" hits="1" branch="False" />
            <line number="83" hits="1" branch="False" />
            <line number="84" hits="1" branch="False" />
            <line number="87" hits="1" branch="False" />
            <line number="88" hits="1" branch="False" />
            <line number="89" hits="1" branch="False" />
            <line number="90" hits="1" branch="False" />
            <line number="91" hits="1" branch="False" />
            <line number="92" hits="1" branch="False" />
            <line number="93" hits="1" branch="False" />
            <line number="94" hits="1" branch="False" />
            <line number="95" hits="1" branch="False" />
            <line number="96" hits="1" branch="False" />
            <line number="97" hits="1" branch="False" />
            <line number="98" hits="2" branch="False" />
            <line number="99" hits="1" branch="False" />
            <line number="9" hits="38" branch="False" />
            <line number="10" hits="38" branch="False" />
            <line number="11" hits="38" branch="False" />
          </lines>
        </class>
        <class name="QuotesApi.Authorization.OwnsQuoteHandler" filename="Authorization\OwnsQuoteHandler.cs" line-rate="1" branch-rate="1" complexity="1">
          <methods>
            <method name=".ctor" signature="(QuotesApi.Data.QuotesDbContext)" line-rate="1" branch-rate="1" complexity="1">
              <lines>
                <line number="12" hits="10" branch="False" />
                <line number="13" hits="10" branch="False" />
                <line number="14" hits="10" branch="False" />
                <line number="15" hits="10" branch="False" />
              </lines>
            </method>
          </methods>
          <lines>
            <line number="12" hits="10" branch="False" />
            <line number="13" hits="10" branch="False" />
            <line number="14" hits="10" branch="False" />
            <line number="15" hits="10" branch="False" />
          </lines>
        </class>
        <class name="QuotesApi.Authorization.OwnsQuoteHandler/&lt;HandleRequirementAsync&gt;d__2" filename="Authorization\OwnsQuoteHandler.cs" line-rate="1" branch-rate="0.8332999999999999" complexity="12">
          <methods>
            <method name="MoveNext" signature="()" line-rate="1" branch-rate="0.8332999999999999" complexity="12">
              <lines>
                <line number="20" hits="4" branch="False" />
                <line number="21" hits="4" branch="False" />
                <line number="22" hits="4" branch="False" />
                <line number="23" hits="4" branch="True" condition-coverage="100% (4/4)">
                  <conditions>
                    <condition number="62" type="jump" coverage="100%" />
                    <condition number="99" type="jump" coverage="100%" />
                  </conditions>
                </line>
                <line number="24" hits="4" branch="False" />
                <line number="25" hits="1" branch="False" />
                <line number="26" hits="3" branch="True" condition-coverage="66.66% (4/6)">
                  <conditions>
                    <condition number="136" type="jump" coverage="50%" />
                    <condition number="165" type="jump" coverage="50%" />
                    <condition number="197" type="jump" coverage="100%" />
                  </conditions>
                </line>
                <line number="27" hits="3" branch="False" />
                <line number="28" hits="3" branch="False" />
                <line number="29" hits="3" branch="False" />
                <line number="30" hits="3" branch="False" />
                <line number="31" hits="3" branch="False" />
                <line number="32" hits="3" branch="False" />
                <line number="33" hits="3" branch="False" />
                <line number="34" hits="3" branch="False" />
                <line number="35" hits="3" branch="True" condition-coverage="100% (2/2)">
                  <conditions>
                    <condition number="524" type="jump" coverage="100%" />
                  </conditions>
                </line>
                <line number="36" hits="1" branch="False" />
                <line number="37" hits="3" branch="False" />
                <line number="38" hits="4" branch="False" />
              </lines>
            </method>
          </methods>
          <lines>
            <line number="20" hits="4" branch="False" />
            <line number="21" hits="4" branch="False" />
            <line number="22" hits="4" branch="False" />
            <line number="23" hits="4" branch="True" condition-coverage="100% (4/4)">
              <conditions>
                <condition number="62" type="jump" coverage="100%" />
                <condition number="99" type="jump" coverage="100%" />
              </conditions>
            </line>
            <line number="24" hits="4" branch="False" />
            <line number="25" hits="1" branch="False" />
            <line number="26" hits="3" branch="True" condition-coverage="66.66% (4/6)">
              <conditions>
                <condition number="136" type="jump" coverage="50%" />
                <condition number="165" type="jump" coverage="50%" />
                <condition number="197" type="jump" coverage="100%" />
              </conditions>
            </line>
            <line number="27" hits="3" branch="False" />
            <line number="28" hits="3" branch="False" />
            <line number="29" hits="3" branch="False" />
            <line number="30" hits="3" branch="False" />
            <line number="31" hits="3" branch="False" />
            <line number="32" hits="3" branch="False" />
            <line number="33" hits="3" branch="False" />
            <line number="34" hits="3" branch="False" />
            <line number="35" hits="3" branch="True" condition-coverage="100% (2/2)">
              <conditions>
                <condition number="524" type="jump" coverage="100%" />
              </conditions>
            </line>
            <line number="36" hits="1" branch="False" />
            <line number="37" hits="3" branch="False" />
            <line number="38" hits="4" branch="False" />
          </lines>
        </class>
      </classes>
    </package>
  </packages>
</coverage>